2013-06-03 13:31:47,155 ERROR [main] - System.err - java.lang.NullPointerException
2013-06-03 13:31:47,178 ERROR [main] - System.err - at org.eclipse.swt.widgets.Control.invalidateVisibleRegion(Control.java:2181)
2013-06-03 13:31:47,178 ERROR [main] - System.err - at org.eclipse.swt.widgets.Control.setFrameSize(Control.java:3802)
2013-06-03 13:31:47,178 ERROR [main] - System.err - at org.eclipse.swt.widgets.Text.setFrameSize(Text.java:1796)
2013-06-03 13:31:47,178 ERROR [main] - System.err - at org.eclipse.swt.widgets.Display.windowProc(Display.java:5485)
2013-06-03 13:31:47,178 ERROR [main] - System.err - at org.eclipse.swt.internal.cocoa.OS.objc_msgSend(Native Method)
2013-06-03 13:31:47,178 ERROR [main] - System.err - at org.eclipse.swt.internal.cocoa.NSView.setFrame(NSView.java:267)
2013-06-03 13:31:47,178 ERROR [main] - System.err - at org.eclipse.swt.widgets.Control.setBounds(Control.java:3536)
2013-06-03 13:31:47,178 ERROR [main] - System.err - at org.eclipse.swt.widgets.Control.setBounds(Control.java:3571)
2013-06-03 13:31:47,179 ERROR [main] - System.err - at org.eclipse.wb.internal.core.model.property.editor.AbstractTextPropertyEditor.setBounds(AbstractTextPropertyEditor.java:79)
2013-06-03 13:31:47,179 ERROR [main] - System.err - at org.eclipse.wb.internal.core.model.property.table.PropertyTable.setActiveEditorBounds(PropertyTable.java:591)
2013-06-03 13:31:47,179 ERROR [main] - System.err - at org.eclipse.wb.internal.core.model.property.table.PropertyTable.activateEditor(PropertyTable.java:536)
2013-06-03 13:31:47,179 ERROR [main] - System.err - at org.eclipse.wb.internal.core.model.property.table.PropertyTable.handleMouseDown(PropertyTable.java:372)
2013-06-03 13:31:47,179 ERROR [main] - System.err - at org.eclipse.wb.internal.core.model.property.table.PropertyTable.access$8(PropertyTable.java:356)
2013-06-03 13:31:47,179 ERROR [main] - System.err - at org.eclipse.wb.internal.core.model.property.table.PropertyTable$5.mouseDown(PropertyTable.java:175)
2013-06-03 13:31:47,179 ERROR [main] - System.err - at org.eclipse.swt.widgets.TypedListener.handleEvent(TypedListener.java:192)
2013-06-03 13:31:47,179 ERROR [main] - System.err - at org.eclipse.swt.widgets.EventTable.sendEvent(EventTable.java:84)
2013-06-03 13:31:47,179 ERROR [main] - System.err - at org.eclipse.swt.widgets.Display.sendEvent(Display.java:4134)
2013-06-03 13:31:47,179 ERROR [main] - System.err - at org.eclipse.swt.widgets.Widget.sendEvent(Widget.java:1458)
2013-06-03 13:31:47,179 ERROR [main] - System.err - at org.eclipse.swt.widgets.Widget.sendEvent(Widget.java:1481)
2013-06-03 13:31:47,179 ERROR [main] - System.err - at org.eclipse.swt.widgets.Widget.sendEvent(Widget.java:1466)
2013-06-03 13:31:47,179 ERROR [main] - System.err - at org.eclipse.swt.widgets.Widget.notifyListeners(Widget.java:1271)
2013-06-03 13:31:47,180 ERROR [main] - System.err - at org.eclipse.swt.widgets.Display.runDeferredEvents(Display.java:3980)
2013-06-03 13:31:47,180 ERROR [main] - System.err - at org.eclipse.swt.widgets.Display.readAndDispatch(Display.java:3619)
2013-06-03 13:31:47,180 ERROR [main] - System.err - at org.eclipse.e4.ui.internal.workbench.swt.PartRenderingEngine$9.run(PartRenderingEngine.java:1029)
2013-06-03 13:31:47,180 ERROR [main] - System.err - at org.eclipse.core.databinding.observable.Realm.runWithDefault(Realm.java:332)
2013-06-03 13:31:47,180 ERROR [main] - System.err - at org.eclipse.e4.ui.internal.workbench.swt.PartRenderingEngine.run(PartRenderingEngine.java:923)
2013-06-03 13:31:47,180 ERROR [main] - System.err - at org.eclipse.e4.ui.internal.workbench.E4Workbench.createAndRunUI(E4Workbench.java:86)
2013-06-03 13:31:47,180 ERROR [main] - System.err - at org.eclipse.ui.internal.Workbench$5.run(Workbench.java:588)
2013-06-03 13:31:47,180 ERROR [main] - System.err - at org.eclipse.core.databinding.observable.Realm.runWithDefault(Realm.java:332)
2013-06-03 13:31:47,180 ERROR [main] - System.err - at org.eclipse.ui.internal.Workbench.createAndRunWorkbench(Workbench.java:543)
2013-06-03 13:31:47,180 ERROR [main] - System.err - at org.eclipse.ui.PlatformUI.createAndRunWorkbench(PlatformUI.java:149)
2013-06-03 13:31:47,180 ERROR [main] - System.err - at org.eclipse.ui.internal.ide.application.IDEApplication.start(IDEApplication.java:124)
2013-06-03 13:31:47,180 ERROR [main] - System.err - at org.eclipse.equinox.internal.app.EclipseAppHandle.run(EclipseAppHandle.java:196)
2013-06-03 13:31:47,181 ERROR [main] - System.err - at org.eclipse.core.runtime.internal.adaptor.EclipseAppLauncher.runApplication(EclipseAppLauncher.java:110)
2013-06-03 13:31:47,181 ERROR [main] - System.err - at org.eclipse.core.runtime.internal.adaptor.EclipseAppLauncher.start(EclipseAppLauncher.java:79)
2013-06-03 13:31:47,181 ERROR [main] - System.err - at org.eclipse.core.runtime.adaptor.EclipseStarter.run(EclipseStarter.java:353)
2013-06-03 13:31:47,181 ERROR [main] - System.err - at org.eclipse.core.runtime.adaptor.EclipseStarter.run(EclipseStarter.java:180)
2013-06-03 13:31:47,181 ERROR [main] - System.err - at sun.reflect.NativeMethodAccessorImpl.invoke0(Native Method)
2013-06-03 13:31:47,181 ERROR [main] - System.err - at sun.reflect.NativeMethodAccessorImpl.invoke(NativeMethodAccessorImpl.java:39)
2013-06-03 13:31:47,181 ERROR [main] - System.err - at sun.reflect.DelegatingMethodAccessorImpl.invoke(DelegatingMethodAccessorImpl.java:25)
2013-06-03 13:31:47,181 ERROR [main] - System.err - at java.lang.reflect.Method.invoke(Method.java:597)
2013-06-03 13:31:47,181 ERROR [main] - System.err - at org.eclipse.equinox.launcher.Main.invokeFramework(Main.java:629)
2013-06-03 13:31:47,181 ERROR [main] - System.err - at org.eclipse.equinox.launcher.Main.basicRun(Main.java:584)
2013-06-03 13:31:47,181 ERROR [main] - System.err - at org.eclipse.equinox.launcher.Main.run(Main.java:1438)
2013-06-03 13:31:47,451 ERROR [main] - System.err - java.lang.NullPointerException
2013-06-03 13:31:47,452 ERROR [main] - System.err - at org.eclipse.swt.widgets.Control.invalidateVisibleRegion(Control.java:2181)
2013-06-03 13:31:47,452 ERROR [main] - System.err - at org.eclipse.swt.widgets.Control.setFrameSize(Control.java:3802)
2013-06-03 13:31:47,452 ERROR [main] - System.err - at org.eclipse.swt.widgets.Text.setFrameSize(Text.java:1796)
2013-06-03 13:31:47,452 ERROR [main] - System.err - at org.eclipse.swt.widgets.Display.windowProc(Display.java:5485)
2013-06-03 13:31:47,452 ERROR [main] - System.err - at org.eclipse.swt.internal.cocoa.OS.objc_msgSend(Native Method)
2013-06-03 13:31:47,452 ERROR [main] - System.err - at org.eclipse.swt.internal.cocoa.NSView.setFrame(NSView.java:267)
2013-06-03 13:31:47,452 ERROR [main] - System.err - at org.eclipse.swt.widgets.Control.setBounds(Control.java:3536)
2013-06-03 13:31:47,452 ERROR [main] - System.err - at org.eclipse.swt.widgets.Control.setBounds(Control.java:3571)
2013-06-03 13:31:47,452 ERROR [main] - System.err - at org.eclipse.wb.internal.core.model.property.editor.AbstractTextPropertyEditor.setBounds(AbstractTextPropertyEditor.java:79)
2013-06-03 13:31:47,452 ERROR [main] - System.err - at org.eclipse.wb.internal.core.model.property.table.PropertyTable.setActiveEditorBounds(PropertyTable.java:591)
2013-06-03 13:31:47,452 ERROR [main] - System.err - at org.eclipse.wb.internal.core.model.property.table.PropertyTable.activateEditor(PropertyTable.java:536)
2013-06-03 13:31:47,452 ERROR [main] - System.err - at org.eclipse.wb.internal.core.model.property.table.PropertyTable.handleMouseDown(PropertyTable.java:372)
2013-06-03 13:31:47,452 ERROR [main] - System.err - at org.eclipse.wb.internal.core.model.property.table.PropertyTable.access$8(PropertyTable.java:356)
2013-06-03 13:31:47,452 ERROR [main] - System.err - at org.eclipse.wb.internal.core.model.property.table.PropertyTable$5.mouseDown(PropertyTable.java:175)
2013-06-03 13:31:47,452 ERROR [main] - System.err - at org.eclipse.swt.widgets.TypedListener.handleEvent(TypedListener.java:192)
2013-06-03 13:31:47,452 ERROR [main] - System.err - at org.eclipse.swt.widgets.EventTable.sendEvent(EventTable.java:84)
2013-06-03 13:31:47,452 ERROR [main] - System.err - at org.eclipse.swt.widgets.Display.sendEvent(Display.java:4134)
2013-06-03 13:31:47,453 ERROR [main] - System.err - at org.eclipse.swt.widgets.Widget.sendEvent(Widget.java:1458)
2013-06-03 13:31:47,453 ERROR [main] - System.err - at org.eclipse.swt.widgets.Widget.sendEvent(Widget.java:1481)
2013-06-03 13:31:47,453 ERROR [main] - System.err - at org.eclipse.swt.widgets.Widget.sendEvent(Widget.java:1466)
2013-06-03 13:31:47,453 ERROR [main] - System.err - at org.eclipse.swt.widgets.Widget.notifyListeners(Widget.java:1271)
2013-06-03 13:31:47,453 ERROR [main] - System.err - at org.eclipse.swt.widgets.Display.runDeferredEvents(Display.java:3980)
2013-06-03 13:31:47,453 ERROR [main] - System.err - at org.eclipse.swt.widgets.Display.readAndDispatch(Display.java:3619)
2013-06-03 13:31:47,453 ERROR [main] - System.err - at org.eclipse.e4.ui.internal.workbench.swt.PartRenderingEngine$9.run(PartRenderingEngine.java:1029)
2013-06-03 13:31:47,453 ERROR [main] - System.err - at org.eclipse.core.databinding.observable.Realm.runWithDefault(Realm.java:332)
2013-06-03 13:31:47,453 ERROR [main] - System.err - at org.eclipse.e4.ui.internal.workbench.swt.PartRenderingEngine.run(PartRenderingEngine.java:923)
2013-06-03 13:31:47,453 ERROR [main] - System.err - at org.eclipse.e4.ui.internal.workbench.E4Workbench.createAndRunUI(E4Workbench.java:86)
2013-06-03 13:31:47,453 ERROR [main] - System.err - at org.eclipse.ui.internal.Workbench$5.run(Workbench.java:588)
2013-06-03 13:31:47,453 ERROR [main] - System.err - at org.eclipse.core.databinding.observable.Realm.runWithDefault(Realm.java:332)
2013-06-03 13:31:47,453 ERROR [main] - System.err - at org.eclipse.ui.internal.Workbench.createAndRunWorkbench(Workbench.java:543)
2013-06-03 13:31:47,453 ERROR [main] - System.err - at org.eclipse.ui.PlatformUI.createAndRunWorkbench(PlatformUI.java:149)
2013-06-03 13:31:47,453 ERROR [main] - System.err - at org.eclipse.ui.internal.ide.application.IDEApplication.start(IDEApplication.java:124)
2013-06-03 13:31:47,453 ERROR [main] - System.err - at org.eclipse.equinox.internal.app.EclipseAppHandle.run(EclipseAppHandle.java:196)
2013-06-03 13:31:47,453 ERROR [main] - System.err - at org.eclipse.core.runtime.internal.adaptor.EclipseAppLauncher.runApplication(EclipseAppLauncher.java:110)
2013-06-03 13:31:47,453 ERROR [main] - System.err - at org.eclipse.core.runtime.internal.adaptor.EclipseAppLauncher.start(EclipseAppLauncher.java:79)
2013-06-03 13:31:47,453 ERROR [main] - System.err - at org.eclipse.core.runtime.adaptor.EclipseStarter.run(EclipseStarter.java:353)
2013-06-03 13:31:47,453 ERROR [main] - System.err - at org.eclipse.core.runtime.adaptor.EclipseStarter.run(EclipseStarter.java:180)
2013-06-03 13:31:47,454 ERROR [main] - System.err - at sun.reflect.NativeMethodAccessorImpl.invoke0(Native Method)
2013-06-03 13:31:47,454 ERROR [main] - System.err - at sun.reflect.NativeMethodAccessorImpl.invoke(NativeMethodAccessorImpl.java:39)
2013-06-03 13:31:47,454 ERROR [main] - System.err - at sun.reflect.DelegatingMethodAccessorImpl.invoke(DelegatingMethodAccessorImpl.java:25)
2013-06-03 13:31:47,454 ERROR [main] - System.err - at java.lang.reflect.Method.invoke(Method.java:597)
2013-06-03 13:31:47,454 ERROR [main] - System.err - at org.eclipse.equinox.launcher.Main.invokeFramework(Main.java:629)
2013-06-03 13:31:47,454 ERROR [main] - System.err - at org.eclipse.equinox.launcher.Main.basicRun(Main.java:584)
2013-06-03 13:31:47,454 ERROR [main] - System.err - at org.eclipse.equinox.launcher.Main.run(Main.java:1438)
